timestamp: 2018-05-14T16:51:20.895770
CREATE TABLE "web2py_session_final"(
    "id" INTEGER PRIMARY KEY AUTOINCREMENT,
    "locked" CHAR(1),
    "client_ip" CHAR(64),
    "created_datetime" TIMESTAMP,
    "modified_datetime" TIMESTAMP,
    "unique_key" CHAR(64),
    "session_data" BLOB
);
success!
timestamp: 2018-05-14T16:51:20.906174
CREATE TABLE "auth_user"(
    "id" INTEGER PRIMARY KEY AUTOINCREMENT,
    "first_name" CHAR(128),
    "last_name" CHAR(128),
    "email" CHAR(512),
    "password" CHAR(512),
    "registration_key" CHAR(512),
    "reset_password_key" CHAR(512),
    "registration_id" CHAR(512)
);
success!
timestamp: 2018-05-14T16:51:20.911415
CREATE TABLE "auth_group"(
    "id" INTEGER PRIMARY KEY AUTOINCREMENT,
    "role" CHAR(512),
    "description" TEXT
);
success!
timestamp: 2018-05-14T16:51:20.914973
CREATE TABLE "auth_membership"(
    "id" INTEGER PRIMARY KEY AUTOINCREMENT,
    "user_id" INTEGER REFERENCES "auth_user" ("id") ON DELETE CASCADE  ,
    "group_id" INTEGER REFERENCES "auth_group" ("id") ON DELETE CASCADE  
);
success!
timestamp: 2018-05-14T16:51:20.919190
CREATE TABLE "auth_permission"(
    "id" INTEGER PRIMARY KEY AUTOINCREMENT,
    "group_id" INTEGER REFERENCES "auth_group" ("id") ON DELETE CASCADE  ,
    "name" CHAR(512),
    "table_name" CHAR(512),
    "record_id" INTEGER
);
success!
timestamp: 2018-05-14T16:51:20.923670
CREATE TABLE "auth_event"(
    "id" INTEGER PRIMARY KEY AUTOINCREMENT,
    "time_stamp" TIMESTAMP,
    "client_ip" CHAR(512),
    "user_id" INTEGER REFERENCES "auth_user" ("id") ON DELETE CASCADE  ,
    "origin" CHAR(512),
    "description" TEXT
);
success!
timestamp: 2018-05-14T16:51:20.928956
CREATE TABLE "auth_cas"(
    "id" INTEGER PRIMARY KEY AUTOINCREMENT,
    "user_id" INTEGER REFERENCES "auth_user" ("id") ON DELETE CASCADE  ,
    "created_on" TIMESTAMP,
    "service" CHAR(512),
    "ticket" CHAR(512),
    "renew" CHAR(1)
);
success!
timestamp: 2018-06-05T14:12:19.183552
CREATE TABLE "images"(
    "id" INTEGER PRIMARY KEY AUTOINCREMENT,
    "created_on" TIMESTAMP,
    "image_url" CHAR(512),
    "price" DOUBLE
);
success!
timestamp: 2018-06-05T16:00:58.132603
ALTER TABLE "images" ADD "weight" CHAR(512);
timestamp: 2018-06-05T16:00:58.135280
ALTER TABLE "images" ADD "color" CHAR(512);
timestamp: 2018-06-05T16:00:58.141169
ALTER TABLE "images" ADD "fin_number" CHAR(512);
timestamp: 2018-06-05T16:00:58.142847
ALTER TABLE "images" ADD "tail_type" CHAR(512);
timestamp: 2018-06-05T16:00:58.144655
ALTER TABLE "images" ADD "height" CHAR(512);
timestamp: 2018-06-05T16:00:58.146037
ALTER TABLE "images" ADD "width" CHAR(512);
timestamp: 2018-06-05T16:00:58.160553
ALTER TABLE "images" ADD "surfboard_type" CHAR(512);
success!
timestamp: 2018-06-05T16:19:39.372747
CREATE TABLE "boards"(
    "id" INTEGER PRIMARY KEY AUTOINCREMENT,
    "created_on" TIMESTAMP,
    "image_url" CHAR(512),
    "board_price" DOUBLE,
    "board_type" CHAR(512),
    "board_tail_type" CHAR(512),
    "num_of_fins" CHAR(512),
    "board_color" CHAR(512),
    "board_length" CHAR(512),
    "board_width" CHAR(512),
    "board_thickness" CHAR(512),
    "board_volume" CHAR(512)
);
success!
success!
